
> spark-vex@0.1.0 dev
> next dev

  ▲ Next.js 14.2.35
  - Local:        http://localhost:3000
  - Environments: .env.local, .env

 ✓ Starting...
 ✓ Ready in 1552ms
 ✓ Compiled /src/middleware in 447ms (174 modules)
 ✓ Compiled in 3.5s (174 modules)
 ✓ Compiled in 338ms (174 modules)
 ○ Compiling / ...
 ✓ Compiled / in 3.9s (869 modules)
 GET / 200 in 4748ms
 ✓ Compiled in 578ms (311 modules)
 ○ Compiling /skills ...
 ✓ Compiled /skills in 5.9s (836 modules)
 GET /skills 200 in 7776ms
 ○ Compiling /api/auth/[...nextauth] ...
 ✓ Compiled /api/auth/[...nextauth] in 1023ms (540 modules)
 GET /api/auth/session 200 in 10432ms
 GET /api/auth/session 200 in 404ms
 ✓ Compiled in 3.1s (606 modules)
 ✓ Compiled in 4.1s (314 modules)
 ✓ Compiled in 609ms (314 modules)
 ✓ Compiled in 566ms (314 modules)
 ✓ Compiled in 2.4s (314 modules)
 ✓ Compiled in 1249ms (766 modules)
